curl -sk -H "Accept: application/json" -H "Content-Type: application/json" -H "Authorization: Token token=\"eyJwcm90ZWN0ZWQiOiJleUpoYkdjaU9pSmpiMjVxZFhJdWIzSm5MM05zYjNOcGJHOHZkaklpTENKcmFXUWlPaUkzT1RSa1l6aG1OVFU1WkdZMk1qQTBOMkl4TW1Ka01qRmhPREJoWTJSak55SjkiLCJwYXlsb2FkIjoiZXlKemRXSWlPaUpoWkcxcGJpSXNJbWxoZENJNk1UVTJPRFV3TXpFek5uMD0iLCJzaWduYXR1cmUiOiJMeXYwdXFTZFlUZktRTFdrNXliMjA1MHdkdHQxejNlN1RxS29ScXE3bUFNdEdoaFRSaWduazYxMVZ1a2h0WkNLcWlKOVM1M2tZcUMxZ2NlNkYwSUhKVTlDYXNvcmxfRHhPYksxYkkwaHhyNDlIQl9tMWtpeXpxeml1S2ctSWVtZGtuVTI4TzFVRFdTMFJFd3pBMjA2YVp4VXJxdU9hc3RfVWR4TlltcFg0WFdjTjhXTE1kR1gwMjhHZ1NUT1NyUDk3TmhZa01zQXJycjhiZ3YtUENpQnFuTkwxQk5xZFhKU1V6QmdTUGtMMnYzS09xQU9hdXUtclQwRHZRbGJ2Wk1WdlNycGdOZno1Vzc2TndRaVpjS0h5QnNCSXZXUEp4U1ctRjhkVF90bVd4VGdBUFR5Q1Q2N1d5ejBQMmdIS0pDYXdqNlJtNlZIcEJLZnlOdkh1bUtyT2U2X2RSY2pmSmlhWWpZbjJaRlZodE5udzNnOFdsb1lwYVRpakF4RXdYRlIifQ==\"" -XPATCH -d "---
- !variable
  id: DemoVault/CICD/CICD_Secrets/Cloud Service-AWSAccessKeys-ec2_user/password
  annotations:
    attribs: CICD_SecretsAWSAccessKeysCloud Service-AWSAccessKeys-ec2_user" https://conjur-master:30443/policies/dev/policy/root
curl -sk -H "Accept: application/json" -H "Content-Type: application/json" -H "Authorization: Token token=\"eyJwcm90ZWN0ZWQiOiJleUpoYkdjaU9pSmpiMjVxZFhJdWIzSm5MM05zYjNOcGJHOHZkaklpTENKcmFXUWlPaUkzT1RSa1l6aG1OVFU1WkdZMk1qQTBOMkl4TW1Ka01qRmhPREJoWTJSak55SjkiLCJwYXlsb2FkIjoiZXlKemRXSWlPaUpoWkcxcGJpSXNJbWxoZENJNk1UVTJPRFV3TXpFek5uMD0iLCJzaWduYXR1cmUiOiJMeXYwdXFTZFlUZktRTFdrNXliMjA1MHdkdHQxejNlN1RxS29ScXE3bUFNdEdoaFRSaWduazYxMVZ1a2h0WkNLcWlKOVM1M2tZcUMxZ2NlNkYwSUhKVTlDYXNvcmxfRHhPYksxYkkwaHhyNDlIQl9tMWtpeXpxeml1S2ctSWVtZGtuVTI4TzFVRFdTMFJFd3pBMjA2YVp4VXJxdU9hc3RfVWR4TlltcFg0WFdjTjhXTE1kR1gwMjhHZ1NUT1NyUDk3TmhZa01zQXJycjhiZ3YtUENpQnFuTkwxQk5xZFhKU1V6QmdTUGtMMnYzS09xQU9hdXUtclQwRHZRbGJ2Wk1WdlNycGdOZno1Vzc2TndRaVpjS0h5QnNCSXZXUEp4U1ctRjhkVF90bVd4VGdBUFR5Q1Q2N1d5ejBQMmdIS0pDYXdqNlJtNlZIcEJLZnlOdkh1bUtyT2U2X2RSY2pmSmlhWWpZbjJaRlZodE5udzNnOFdsb1lwYVRpakF4RXdYRlIifQ==\"" -XPATCH -d "---
- !variable
  id: DemoVault/CICD/CICD_Secrets/Database-MSSql-JodyDBUser/password
  annotations:
    attribs: CICD_SecretsMSSqlDatabase-MSSql-JodyDBUser" https://conjur-master:30443/policies/dev/policy/root
curl -sk -H "Accept: application/json" -H "Content-Type: application/json" -H "Authorization: Token token=\"eyJwcm90ZWN0ZWQiOiJleUpoYkdjaU9pSmpiMjVxZFhJdWIzSm5MM05zYjNOcGJHOHZkaklpTENKcmFXUWlPaUkzT1RSa1l6aG1OVFU1WkdZMk1qQTBOMkl4TW1Ka01qRmhPREJoWTJSak55SjkiLCJwYXlsb2FkIjoiZXlKemRXSWlPaUpoWkcxcGJpSXNJbWxoZENJNk1UVTJPRFV3TXpFek5uMD0iLCJzaWduYXR1cmUiOiJMeXYwdXFTZFlUZktRTFdrNXliMjA1MHdkdHQxejNlN1RxS29ScXE3bUFNdEdoaFRSaWduazYxMVZ1a2h0WkNLcWlKOVM1M2tZcUMxZ2NlNkYwSUhKVTlDYXNvcmxfRHhPYksxYkkwaHhyNDlIQl9tMWtpeXpxeml1S2ctSWVtZGtuVTI4TzFVRFdTMFJFd3pBMjA2YVp4VXJxdU9hc3RfVWR4TlltcFg0WFdjTjhXTE1kR1gwMjhHZ1NUT1NyUDk3TmhZa01zQXJycjhiZ3YtUENpQnFuTkwxQk5xZFhKU1V6QmdTUGtMMnYzS09xQU9hdXUtclQwRHZRbGJ2Wk1WdlNycGdOZno1Vzc2TndRaVpjS0h5QnNCSXZXUEp4U1ctRjhkVF90bVd4VGdBUFR5Q1Q2N1d5ejBQMmdIS0pDYXdqNlJtNlZIcEJLZnlOdkh1bUtyT2U2X2RSY2pmSmlhWWpZbjJaRlZodE5udzNnOFdsb1lwYVRpakF4RXdYRlIifQ==\"" -XPATCH -d "---
- !variable
  id: DemoVault/CICD/CICD_Secrets/Database-Oracle-OracleDBuser/password
  annotations:
    attribs: CICD_SecretsOracleDatabase-Oracle-OracleDBuser" https://conjur-master:30443/policies/dev/policy/root
curl -sk -H "Accept: application/json" -H "Content-Type: application/json" -H "Authorization: Token token=\"eyJwcm90ZWN0ZWQiOiJleUpoYkdjaU9pSmpiMjVxZFhJdWIzSm5MM05zYjNOcGJHOHZkaklpTENKcmFXUWlPaUkzT1RSa1l6aG1OVFU1WkdZMk1qQTBOMkl4TW1Ka01qRmhPREJoWTJSak55SjkiLCJwYXlsb2FkIjoiZXlKemRXSWlPaUpoWkcxcGJpSXNJbWxoZENJNk1UVTJPRFV3TXpFek5uMD0iLCJzaWduYXR1cmUiOiJMeXYwdXFTZFlUZktRTFdrNXliMjA1MHdkdHQxejNlN1RxS29ScXE3bUFNdEdoaFRSaWduazYxMVZ1a2h0WkNLcWlKOVM1M2tZcUMxZ2NlNkYwSUhKVTlDYXNvcmxfRHhPYksxYkkwaHhyNDlIQl9tMWtpeXpxeml1S2ctSWVtZGtuVTI4TzFVRFdTMFJFd3pBMjA2YVp4VXJxdU9hc3RfVWR4TlltcFg0WFdjTjhXTE1kR1gwMjhHZ1NUT1NyUDk3TmhZa01zQXJycjhiZ3YtUENpQnFuTkwxQk5xZFhKU1V6QmdTUGtMMnYzS09xQU9hdXUtclQwRHZRbGJ2Wk1WdlNycGdOZno1Vzc2TndRaVpjS0h5QnNCSXZXUEp4U1ctRjhkVF90bVd4VGdBUFR5Q1Q2N1d5ejBQMmdIS0pDYXdqNlJtNlZIcEJLZnlOdkh1bUtyT2U2X2RSY2pmSmlhWWpZbjJaRlZodE5udzNnOFdsb1lwYVRpakF4RXdYRlIifQ==\"" -XPATCH -d "---
- !variable
  id: DemoVault/CICD/CICD_Secrets/OracleUser/password
  annotations:
    attribs: CICD_SecretsOracleOracleUser" https://conjur-master:30443/policies/dev/policy/root
curl -sk -H "Accept: application/json" -H "Content-Type: application/json" -H "Authorization: Token token=\"eyJwcm90ZWN0ZWQiOiJleUpoYkdjaU9pSmpiMjVxZFhJdWIzSm5MM05zYjNOcGJHOHZkaklpTENKcmFXUWlPaUkzT1RSa1l6aG1OVFU1WkdZMk1qQTBOMkl4TW1Ka01qRmhPREJoWTJSak55SjkiLCJwYXlsb2FkIjoiZXlKemRXSWlPaUpoWkcxcGJpSXNJbWxoZENJNk1UVTJPRFV3TXpFek5uMD0iLCJzaWduYXR1cmUiOiJMeXYwdXFTZFlUZktRTFdrNXliMjA1MHdkdHQxejNlN1RxS29ScXE3bUFNdEdoaFRSaWduazYxMVZ1a2h0WkNLcWlKOVM1M2tZcUMxZ2NlNkYwSUhKVTlDYXNvcmxfRHhPYksxYkkwaHhyNDlIQl9tMWtpeXpxeml1S2ctSWVtZGtuVTI4TzFVRFdTMFJFd3pBMjA2YVp4VXJxdU9hc3RfVWR4TlltcFg0WFdjTjhXTE1kR1gwMjhHZ1NUT1NyUDk3TmhZa01zQXJycjhiZ3YtUENpQnFuTkwxQk5xZFhKU1V6QmdTUGtMMnYzS09xQU9hdXUtclQwRHZRbGJ2Wk1WdlNycGdOZno1Vzc2TndRaVpjS0h5QnNCSXZXUEp4U1ctRjhkVF90bVd4VGdBUFR5Q1Q2N1d5ejBQMmdIS0pDYXdqNlJtNlZIcEJLZnlOdkh1bUtyT2U2X2RSY2pmSmlhWWpZbjJaRlZodE5udzNnOFdsb1lwYVRpakF4RXdYRlIifQ==\"" -XPATCH -d "---
- !variable
  id: DemoVault/CICD/CICD_Secrets/OracleUser/password
  annotations:
    attribs: CICD_SecretsOracleOracleUser" https://conjur-master:30443/policies/dev/policy/root
curl -sk -H "Accept: application/json" -H "Content-Type: application/json" -H "Authorization: Token token=\"eyJwcm90ZWN0ZWQiOiJleUpoYkdjaU9pSmpiMjVxZFhJdWIzSm5MM05zYjNOcGJHOHZkaklpTENKcmFXUWlPaUkzT1RSa1l6aG1OVFU1WkdZMk1qQTBOMkl4TW1Ka01qRmhPREJoWTJSak55SjkiLCJwYXlsb2FkIjoiZXlKemRXSWlPaUpoWkcxcGJpSXNJbWxoZENJNk1UVTJPRFV3TXpFek5uMD0iLCJzaWduYXR1cmUiOiJMeXYwdXFTZFlUZktRTFdrNXliMjA1MHdkdHQxejNlN1RxS29ScXE3bUFNdEdoaFRSaWduazYxMVZ1a2h0WkNLcWlKOVM1M2tZcUMxZ2NlNkYwSUhKVTlDYXNvcmxfRHhPYksxYkkwaHhyNDlIQl9tMWtpeXpxeml1S2ctSWVtZGtuVTI4TzFVRFdTMFJFd3pBMjA2YVp4VXJxdU9hc3RfVWR4TlltcFg0WFdjTjhXTE1kR1gwMjhHZ1NUT1NyUDk3TmhZa01zQXJycjhiZ3YtUENpQnFuTkwxQk5xZFhKU1V6QmdTUGtMMnYzS09xQU9hdXUtclQwRHZRbGJ2Wk1WdlNycGdOZno1Vzc2TndRaVpjS0h5QnNCSXZXUEp4U1ctRjhkVF90bVd4VGdBUFR5Q1Q2N1d5ejBQMmdIS0pDYXdqNlJtNlZIcEJLZnlOdkh1bUtyT2U2X2RSY2pmSmlhWWpZbjJaRlZodE5udzNnOFdsb1lwYVRpakF4RXdYRlIifQ==\"" -XPATCH -d "---
- !variable
  id: DemoVault/CICD/CICD_Secrets/SSH-minikube/password
  annotations:
    attribs: CICD_SecretsUnixSSHKeysSSH-minikube" https://conjur-master:30443/policies/dev/policy/root
